<?xml version="1.0" encoding="UTF-8"?>
<!-- Generated by org.testng.reporters.JUnitReportReporter -->
<testsuite hostname="DESKTOP-JNC398C" failures="0" tests="3" name="assignments.WrkingTestNgFile2" time="0.003" errors="0" timestamp="2024-09-01T21:05:59 IST" skipped="0">
  <testcase classname="assignments.WrkingTestNgFile2" name="method2" time="0.001"/>
  <system-out/>
  <testcase classname="assignments.WrkingTestNgFile2" name="method2" time="0.001"/>
  <system-out/>
  <testcase classname="assignments.WrkingTestNgFile2" name="method1" time="0.001"/>
  <system-out/>
</testsuite> <!-- assignments.WrkingTestNgFile2 -->
