<?xml version="1.0" encoding="UTF-8"?>
<!-- Generated by org.testng.reporters.JUnitReportReporter -->
<testsuite hostname="DESKTOP-JNC398C" failures="0" tests="2" name="assignments.WorkingwithTestNG" time="0.017" errors="0" timestamp="2024-09-01T21:05:59 IST" skipped="0">
  <testcase classname="assignments.WorkingwithTestNG" name="c" time="0.002"/>
  <system-out/>
  <testcase classname="assignments.WorkingwithTestNG" name="a" time="0.015"/>
  <system-out/>
</testsuite> <!-- assignments.WorkingwithTestNG -->
